[2025-12-20 09:56:03] [INFO] Game started
[2025-12-20 09:56:03] [INFO] [STATE] Game: null -> MENU
[2025-12-20 09:56:03] [INFO] Setting up game objects and enemies
[2025-12-20 09:56:03] [INFO] Game loop started
[2025-12-20 09:56:05] [INFO] [STATE] Game: MENU -> PLAY
[2025-12-20 09:58:12] [INFO] Game started
[2025-12-20 09:58:12] [INFO] [STATE] Game: null -> MENU
[2025-12-20 09:58:12] [INFO] Setting up game objects and enemies
[2025-12-20 09:58:13] [INFO] Game loop started
[2025-12-20 09:58:13] [INFO] [STATE] Game: MENU -> PLAY
[2025-12-20 09:58:54] [INFO] Game started
[2025-12-20 09:58:54] [INFO] [STATE] Game: null -> MENU
[2025-12-20 09:58:54] [INFO] Setting up game objects and enemies
[2025-12-20 09:58:54] [INFO] Game loop started
[2025-12-20 09:58:55] [INFO] [STATE] Game: MENU -> PLAY
[2025-12-20 10:10:07] [INFO] Game started
[2025-12-20 10:10:07] [INFO] [STATE] Game: null -> MENU
[2025-12-20 10:10:07] [INFO] Setting up game objects and enemies
[2025-12-20 10:10:07] [INFO] Game loop started
[2025-12-20 10:10:08] [INFO] [STATE] Game: MENU -> PLAY
[2025-12-20 10:22:30] [INFO] Game started
[2025-12-20 10:22:30] [INFO] [STATE] Game: null -> MENU
[2025-12-20 10:22:30] [INFO] Setting up game objects and enemies
[2025-12-20 10:22:30] [INFO] Game loop started
[2025-12-20 10:22:32] [INFO] [STATE] Game: MENU -> PLAY
[2025-12-20 10:23:29] [INFO] Game started
[2025-12-20 10:23:29] [INFO] [STATE] Game: null -> MENU
[2025-12-20 10:23:29] [INFO] Setting up game objects and enemies
[2025-12-20 10:23:29] [INFO] Game loop started
[2025-12-20 10:23:30] [INFO] [STATE] Game: MENU -> PLAY
[2025-12-20 10:25:32] [INFO] Game started
[2025-12-20 10:25:32] [INFO] [STATE] Game: null -> MENU
[2025-12-20 10:25:32] [INFO] Setting up game objects and enemies
[2025-12-20 10:25:33] [INFO] Game loop started
[2025-12-20 10:25:34] [INFO] [STATE] Game: MENU -> PLAY
[2025-12-20 10:25:39] [INFO] [STATE] Game: DIALOGUE -> PLAY
[2025-12-20 10:27:27] [INFO] Game started
[2025-12-20 10:27:27] [INFO] [STATE] Game: null -> MENU
[2025-12-20 10:27:27] [INFO] Setting up game objects and enemies
[2025-12-20 10:27:28] [INFO] Game loop started
[2025-12-20 10:27:29] [INFO] [STATE] Game: MENU -> PLAY
[2025-12-20 10:27:41] [INFO] Game started
[2025-12-20 10:27:41] [INFO] [STATE] Game: null -> MENU
[2025-12-20 10:27:41] [INFO] Setting up game objects and enemies
[2025-12-20 10:27:41] [INFO] Game loop started
[2025-12-20 10:27:42] [INFO] [STATE] Game: MENU -> PLAY
[2025-12-20 10:28:08] [INFO] Game started
[2025-12-20 10:28:08] [INFO] [STATE] Game: null -> MENU
[2025-12-20 10:28:08] [INFO] Setting up game objects and enemies
[2025-12-20 10:28:09] [INFO] Game loop started
[2025-12-20 10:28:10] [INFO] [STATE] Game: MENU -> PLAY
[2025-12-20 10:30:32] [INFO] Game started
[2025-12-20 10:30:32] [INFO] [STATE] Game: null -> MENU
[2025-12-20 10:30:32] [INFO] Setting up game objects and enemies
[2025-12-20 10:30:32] [INFO] Game loop started
[2025-12-20 10:30:36] [INFO] [STATE] Game: MENU -> PLAY
[2025-12-20 10:40:22] [INFO] Game started
[2025-12-20 10:40:22] [INFO] [STATE] Game: null -> MENU
[2025-12-20 10:40:22] [INFO] Setting up game objects and enemies
[2025-12-20 10:40:22] [INFO] Game loop started
[2025-12-20 10:40:23] [INFO] [STATE] Game: MENU -> PLAY
[2025-12-20 11:57:41] [INFO] Game started
[2025-12-20 11:57:41] [INFO] [STATE] Game: null -> MENU
[2025-12-20 11:57:41] [INFO] Setting up game objects and enemies
[2025-12-20 11:57:42] [INFO] Game loop started
[2025-12-20 11:57:54] [INFO] [STATE] Game: MENU -> PLAY
[2025-12-20 11:58:28] [INFO] [STATE] Game: DIALOGUE -> PLAY
[2025-12-20 12:05:23] [INFO] Game started
[2025-12-20 12:05:23] [INFO] [STATE] Game: null -> MENU
[2025-12-20 12:05:23] [INFO] Setting up game objects and enemies
[2025-12-20 12:05:24] [INFO] Game loop started
[2025-12-20 12:05:24] [INFO] [STATE] Game: MENU -> PLAY
[2025-12-20 12:05:47] [INFO] [STATE] Game: DIALOGUE -> PLAY
[2025-12-20 17:50:26] [INFO] Game started
[2025-12-20 17:50:26] [INFO] [STATE] Game: null -> MENU
[2025-12-20 17:50:26] [INFO] Setting up game objects and enemies
[2025-12-20 17:50:26] [INFO] Game loop started
[2025-12-20 18:03:51] [INFO] Game started
[2025-12-20 18:03:51] [INFO] [STATE] Game: null -> MENU
[2025-12-20 18:03:51] [INFO] Setting up game objects and enemies
[2025-12-20 18:03:51] [INFO] Game loop started
[2025-12-20 18:03:52] [INFO] [STATE] Game: MENU -> PLAY
[2025-12-20 18:03:53] [INFO] [STATE] Game: PLAY -> CHARACTER
[2025-12-20 18:03:55] [INFO] [STATE] Game: CHARACTER -> PLAY
[2025-12-20 18:04:24] [INFO] Game started
[2025-12-20 18:04:24] [INFO] [STATE] Game: null -> MENU
[2025-12-20 18:04:24] [INFO] Setting up game objects and enemies
[2025-12-20 18:04:24] [INFO] Game loop started
[2025-12-20 18:04:25] [INFO] [STATE] Game: MENU -> PLAY
[2025-12-20 18:04:26] [INFO] [STATE] Game: PLAY -> CHARACTER
[2025-12-20 18:04:46] [INFO] Game started
[2025-12-20 18:04:46] [INFO] [STATE] Game: null -> MENU
[2025-12-20 18:04:46] [INFO] Setting up game objects and enemies
[2025-12-20 18:04:46] [INFO] Game loop started
[2025-12-20 18:04:47] [INFO] [STATE] Game: MENU -> PLAY
[2025-12-20 18:04:51] [INFO] [STATE] Game: DIALOGUE -> PLAY
[2025-12-20 18:05:24] [INFO] Game started
[2025-12-20 18:05:24] [INFO] [STATE] Game: null -> MENU
[2025-12-20 18:05:24] [INFO] Setting up game objects and enemies
[2025-12-20 18:05:24] [INFO] Game loop started
[2025-12-20 18:05:25] [INFO] [STATE] Game: MENU -> PLAY
[2025-12-20 18:05:25] [INFO] [STATE] Game: PLAY -> PAUSE
[2025-12-20 18:05:34] [INFO] [STATE] Game: PAUSE -> PLAY
[2025-12-20 18:07:37] [INFO] Game started
[2025-12-20 18:07:37] [INFO] [STATE] Game: null -> MENU
[2025-12-20 18:07:37] [INFO] Setting up game objects and enemies
[2025-12-20 18:07:38] [INFO] Game loop started
[2025-12-20 18:07:39] [INFO] [STATE] Game: MENU -> PLAY
[2025-12-20 18:07:40] [INFO] [STATE] Game: PLAY -> PAUSE
[2025-12-20 18:07:43] [INFO] [STATE] Game: PAUSE -> PLAY
[2025-12-20 18:07:47] [INFO] [STATE] Game: PLAY -> CHARACTER
[2025-12-20 18:07:48] [INFO] [STATE] Game: CHARACTER -> PLAY
[2025-12-20 18:08:01] [INFO] [STATE] Game: DIALOGUE -> PLAY
[2025-12-20 18:08:08] [INFO] [STATE] Game: DIALOGUE -> PLAY
[2025-12-20 18:18:06] [INFO] Game started
[2025-12-20 18:18:06] [INFO] [STATE] Game: null -> MENU
[2025-12-20 18:18:06] [INFO] Setting up game objects and enemies
[2025-12-20 18:18:06] [INFO] Game loop started
[2025-12-20 18:18:10] [INFO] [STATE] Game: MENU -> PLAY
[2025-12-20 18:18:12] [INFO] [STATE] Game: PLAY -> CHARACTER
[2025-12-20 18:18:40] [INFO] Game started
[2025-12-20 18:18:40] [INFO] [STATE] Game: null -> MENU
[2025-12-20 18:18:40] [INFO] Setting up game objects and enemies
[2025-12-20 18:18:40] [INFO] Game loop started
[2025-12-20 18:18:41] [INFO] [STATE] Game: MENU -> PLAY
[2025-12-20 18:18:42] [INFO] [STATE] Game: PLAY -> CHARACTER
[2025-12-20 18:18:44] [INFO] [STATE] Game: CHARACTER -> PLAY
[2025-12-20 18:18:45] [INFO] [STATE] Game: PLAY -> CHARACTER
[2025-12-20 18:19:01] [INFO] Game started
[2025-12-20 18:19:01] [INFO] [STATE] Game: null -> MENU
[2025-12-20 18:19:01] [INFO] Setting up game objects and enemies
[2025-12-20 18:19:01] [INFO] Game loop started
[2025-12-20 18:19:03] [INFO] [STATE] Game: MENU -> PLAY
[2025-12-20 18:19:04] [INFO] [STATE] Game: PLAY -> CHARACTER
[2025-12-20 18:19:10] [INFO] [STATE] Game: CHARACTER -> PLAY
[2025-12-20 18:19:12] [INFO] [STATE] Game: PLAY -> CHARACTER
[2025-12-20 18:25:20] [INFO] Game started
[2025-12-20 18:25:20] [INFO] [STATE] Game: null -> MENU
[2025-12-20 18:25:20] [INFO] Setting up game objects and enemies
[2025-12-20 18:25:20] [INFO] Game loop started
[2025-12-20 18:25:22] [INFO] [STATE] Game: MENU -> PLAY
[2025-12-20 18:25:22] [INFO] [STATE] Game: PLAY -> CHARACTER
[2025-12-20 18:25:24] [INFO] [STATE] Game: CHARACTER -> PLAY
[2025-12-20 18:30:20] [INFO] Game started
[2025-12-20 18:30:20] [INFO] [STATE] Game: null -> MENU
[2025-12-20 18:30:20] [INFO] Setting up game objects and enemies
[2025-12-20 18:30:20] [INFO] Game loop started
[2025-12-20 18:30:21] [INFO] [STATE] Game: MENU -> PLAY
[2025-12-20 18:30:22] [INFO] [STATE] Game: PLAY -> CHARACTER
[2025-12-20 18:31:46] [INFO] Game started
[2025-12-20 18:31:46] [INFO] [STATE] Game: null -> MENU
[2025-12-20 18:31:46] [INFO] Setting up game objects and enemies
[2025-12-20 18:31:46] [INFO] Game loop started
[2025-12-20 18:31:47] [INFO] [STATE] Game: MENU -> PLAY
[2025-12-20 18:31:48] [INFO] [STATE] Game: PLAY -> CHARACTER
[2025-12-20 18:31:49] [INFO] [STATE] Game: CHARACTER -> PLAY
[2025-12-20 18:31:50] [INFO] [STATE] Game: PLAY -> CHARACTER
[2025-12-20 18:31:50] [INFO] [STATE] Game: CHARACTER -> PLAY
[2025-12-20 18:34:29] [INFO] Game started
[2025-12-20 18:34:29] [INFO] [STATE] Game: null -> MENU
[2025-12-20 18:34:29] [INFO] Setting up game objects and enemies
[2025-12-20 18:34:30] [INFO] Game loop started
[2025-12-20 18:34:31] [INFO] [STATE] Game: MENU -> PLAY
[2025-12-20 18:34:32] [INFO] [STATE] Game: PLAY -> CHARACTER
[2025-12-20 18:36:16] [INFO] Game started
[2025-12-20 18:36:16] [INFO] [STATE] Game: null -> MENU
[2025-12-20 18:36:16] [INFO] Setting up game objects and enemies
[2025-12-20 18:36:17] [INFO] Game loop started
[2025-12-20 18:36:17] [INFO] [STATE] Game: MENU -> PLAY
[2025-12-20 18:36:19] [INFO] [STATE] Game: PLAY -> CHARACTER
[2025-12-20 18:38:06] [INFO] Game started
[2025-12-20 18:38:06] [INFO] [STATE] Game: null -> MENU
[2025-12-20 18:38:06] [INFO] Setting up game objects and enemies
[2025-12-20 18:38:06] [INFO] Game loop started
[2025-12-20 18:38:07] [INFO] [STATE] Game: MENU -> PLAY
[2025-12-20 18:38:08] [INFO] [STATE] Game: PLAY -> CHARACTER
[2025-12-20 18:39:15] [INFO] Game started
[2025-12-20 18:39:15] [INFO] [STATE] Game: null -> MENU
[2025-12-20 18:39:15] [INFO] Setting up game objects and enemies
[2025-12-20 18:39:16] [INFO] Game loop started
[2025-12-20 18:39:17] [INFO] [STATE] Game: MENU -> PLAY
[2025-12-20 18:39:17] [INFO] [STATE] Game: PLAY -> CHARACTER
[2025-12-20 18:40:17] [INFO] Game started
[2025-12-20 18:40:17] [INFO] [STATE] Game: null -> MENU
[2025-12-20 18:40:17] [INFO] Setting up game objects and enemies
[2025-12-20 18:40:17] [INFO] Game loop started
[2025-12-20 18:40:17] [INFO] [STATE] Game: MENU -> PLAY
[2025-12-20 18:40:18] [INFO] [STATE] Game: PLAY -> CHARACTER
[2025-12-20 18:40:41] [INFO] Game started
[2025-12-20 18:40:41] [INFO] [STATE] Game: null -> MENU
[2025-12-20 18:40:41] [INFO] Setting up game objects and enemies
[2025-12-20 18:40:41] [INFO] Game loop started
[2025-12-20 18:40:42] [INFO] [STATE] Game: MENU -> PLAY
[2025-12-20 18:40:43] [INFO] [STATE] Game: PLAY -> CHARACTER
[2025-12-20 18:41:14] [INFO] Game started
[2025-12-20 18:41:14] [INFO] [STATE] Game: null -> MENU
[2025-12-20 18:41:14] [INFO] Setting up game objects and enemies
[2025-12-20 18:41:14] [INFO] Game loop started
[2025-12-20 18:41:15] [INFO] [STATE] Game: MENU -> PLAY
[2025-12-20 18:41:15] [INFO] [STATE] Game: PLAY -> CHARACTER
[2025-12-20 18:44:49] [INFO] Game started
[2025-12-20 18:44:49] [INFO] [STATE] Game: null -> MENU
[2025-12-20 18:44:49] [INFO] Setting up game objects and enemies
[2025-12-20 18:44:50] [INFO] Game loop started
[2025-12-20 18:44:51] [INFO] [STATE] Game: MENU -> PLAY
[2025-12-20 18:44:52] [INFO] [STATE] Game: PLAY -> CHARACTER
[2025-12-20 18:49:36] [INFO] Game started
[2025-12-20 18:49:36] [INFO] [STATE] Game: null -> MENU
[2025-12-20 18:49:37] [INFO] Setting up game objects and enemies
[2025-12-20 18:49:37] [INFO] Game loop started
[2025-12-20 18:49:39] [INFO] [STATE] Game: MENU -> PLAY
[2025-12-20 18:49:40] [INFO] [STATE] Game: PLAY -> CHARACTER
[2025-12-20 18:50:07] [INFO] Game started
[2025-12-20 18:50:07] [INFO] [STATE] Game: null -> MENU
[2025-12-20 18:50:07] [INFO] Setting up game objects and enemies
[2025-12-20 18:50:07] [INFO] Game loop started
[2025-12-20 18:50:09] [INFO] [STATE] Game: MENU -> PLAY
[2025-12-20 18:50:10] [INFO] [STATE] Game: PLAY -> CHARACTER
[2025-12-20 18:50:27] [INFO] Game started
[2025-12-20 18:50:27] [INFO] [STATE] Game: null -> MENU
[2025-12-20 18:50:27] [INFO] Setting up game objects and enemies
[2025-12-20 18:50:27] [INFO] Game loop started
[2025-12-20 18:50:28] [INFO] [STATE] Game: MENU -> PLAY
[2025-12-20 18:50:29] [INFO] [STATE] Game: PLAY -> CHARACTER
[2025-12-20 18:51:12] [INFO] Game started
[2025-12-20 18:51:12] [INFO] [STATE] Game: null -> MENU
[2025-12-20 18:51:12] [INFO] Setting up game objects and enemies
[2025-12-20 18:51:12] [INFO] Game loop started
[2025-12-20 18:51:13] [INFO] [STATE] Game: MENU -> PLAY
[2025-12-20 18:51:14] [INFO] [STATE] Game: PLAY -> CHARACTER
[2025-12-20 18:51:43] [INFO] Game started
[2025-12-20 18:51:43] [INFO] [STATE] Game: null -> MENU
[2025-12-20 18:51:43] [INFO] Setting up game objects and enemies
[2025-12-20 18:51:44] [INFO] Game loop started
[2025-12-20 18:51:45] [INFO] [STATE] Game: MENU -> PLAY
[2025-12-20 18:51:46] [INFO] [STATE] Game: PLAY -> CHARACTER
[2025-12-20 18:52:22] [INFO] Game started
[2025-12-20 18:52:22] [INFO] [STATE] Game: null -> MENU
[2025-12-20 18:52:22] [INFO] Setting up game objects and enemies
[2025-12-20 18:52:22] [INFO] Game loop started
[2025-12-20 18:52:23] [INFO] [STATE] Game: MENU -> PLAY
[2025-12-20 18:52:24] [INFO] [STATE] Game: PLAY -> CHARACTER
